This is pdfTeX, Version 3.141592653-2.6-1.40.24 (TeX Live 2022) (preloaded format=pdflatex 2022.5.31)  10 JUN 2022 08:40
entering extended mode
 restricted \write18 enabled.
 %&-line parsing enabled.
**"/home/dmorina/Insync/dmorina@ub.edu/OneDrive Biz/Projectes/2022/0052022. MAPFRE/Mapfre/Informes/Informe 1/informe1_MAPFRE.tex"
(/home/dmorina/Insync/dmorina@ub.edu/OneDrive Biz/Projectes/2022/0052022. MAPFRE/Mapfre/Informes/Informe 1/informe1_MAPFRE.tex
LaTeX2e <2021-11-15> patch level 1
L3 programming layer <2022-05-30> (/home/dmorina/.TinyTeX/texmf-dist/tex/latex/base/article.cls
Document Class: article 2021/10/04 v1.4n Standard LaTeX document class
(/home/dmorina/.TinyTeX/texmf-dist/tex/latex/base/size12.clo
File: size12.clo 2021/10/04 v1.4n Standard LaTeX file (size option)
)
\c@part=\count185
\c@section=\count186
\c@subsection=\count187
\c@subsubsection=\count188
\c@paragraph=\count189
\c@subparagraph=\count190
\c@figure=\count191
\c@table=\count192
\abovecaptionskip=\skip47
\belowcaptionskip=\skip48
\bibindent=\dimen138
) (./bu_ece_report.sty (./fancyheadings.sty
\headrulewidth=\dimen139
\footrulewidth=\dimen140
\plainheadrulewidth=\dimen141
\plainfootrulewidth=\dimen142
\headwidth=\dimen143
\footruleskip=\dimen144
) (./fancybox.sty
Package: fancybox 2000/09/19 1.3
Style option: `fancybox' v1.3 <2000/09/19> (tvz)
\@fancybox=\box50
\shadowsize=\dimen145
\@Sbox=\box51
\do@VerbBox=\toks16
\the@fancyput=\toks17
\this@fancyput=\toks18
\EndVerbatimTokens=\toks19
\Verbatim@Outfile=\write3
\Verbatim@Infile=\read2
) (/home/dmorina/.TinyTeX/texmf-dist/tex/latex/base/ifthen.sty
Package: ifthen 2020/11/24 v1.1c Standard LaTeX ifthen package (DPC)
) (/home/dmorina/.TinyTeX/texmf-dist/tex/latex/graphics/epsfig.sty
Package: epsfig 2017/06/25 v1.7b (e)psfig emulation (SPQR)
(/home/dmorina/.TinyTeX/texmf-dist/tex/latex/graphics/graphicx.sty
Package: graphicx 2021/09/16 v1.2d Enhanced LaTeX Graphics (DPC,SPQR)
(/home/dmorina/.TinyTeX/texmf-dist/tex/latex/graphics/keyval.sty
Package: keyval 2014/10/28 v1.15 key=value parser (DPC)
\KV@toks@=\toks20
) (/home/dmorina/.TinyTeX/texmf-dist/tex/latex/graphics/graphics.sty
Package: graphics 2021/03/04 v1.4d Standard LaTeX Graphics (DPC,SPQR)
(/home/dmorina/.TinyTeX/texmf-dist/tex/latex/graphics/trig.sty
Package: trig 2021/08/11 v1.11 sin cos tan (DPC)
) (/home/dmorina/.TinyTeX/texmf-dist/tex/latex/graphics-cfg/graphics.cfg
File: graphics.cfg 2016/06/04 v1.11 sample graphics configuration
)
Package graphics Info: Driver file: pdftex.def on input line 107.
(/home/dmorina/.TinyTeX/texmf-dist/tex/latex/graphics-def/pdftex.def
File: pdftex.def 2020/10/05 v1.2a Graphics/color driver for pdftex
))
\Gin@req@height=\dimen146
\Gin@req@width=\dimen147
)
\epsfxsize=\dimen148
\epsfysize=\dimen149
)) (/home/dmorina/.TinyTeX/texmf-dist/tex/latex/base/inputenc.sty
Package: inputenc 2021/02/14 v1.3d Input encoding file
\inpenc@prehook=\toks21
\inpenc@posthook=\toks22
) (/home/dmorina/.TinyTeX/texmf-dist/tex/generic/babel/babel.sty
Package: babel 2022/05/22 3.75 The Babel package
\babel@savecnt=\count193
\U@D=\dimen150
\l@unhyphenated=\language4
(/home/dmorina/.TinyTeX/texmf-dist/tex/generic/babel/txtbabel.def)
\bbl@readstream=\read3
\bbl@dirlevel=\count194
(/home/dmorina/.TinyTeX/texmf-dist/tex/generic/babel-spanish/spanish.ldf
Language: spanish.ldf 2021/05/27 v5.0q Spanish support from the babel system
\es@quottoks=\toks23
\es@quotdepth=\count195
Package babel Info: Making " an active character on input line 570.
Package babel Info: Making . an active character on input line 675.
Package babel Info: Making < an active character on input line 722.
Package babel Info: Making > an active character on input line 722.
)) (/home/dmorina/.TinyTeX/texmf-dist/tex/generic/babel/locale/es/babel-spanish.tex
Package babel Info: Importing font and identification data for spanish
(babel)             from babel-es.ini. Reported on input line 11.
) (/home/dmorina/.TinyTeX/texmf-dist/tex/latex/amsmath/amsmath.sty
Package: amsmath 2021/10/15 v2.17l AMS math features
\@mathmargin=\skip49
For additional information on amsmath, use the `?' option.
(/home/dmorina/.TinyTeX/texmf-dist/tex/latex/amsmath/amstext.sty
Package: amstext 2021/08/26 v2.01 AMS text
(/home/dmorina/.TinyTeX/texmf-dist/tex/latex/amsmath/amsgen.sty
File: amsgen.sty 1999/11/30 v2.0 generic functions
\@emptytoks=\toks24
\ex@=\dimen151
)) (/home/dmorina/.TinyTeX/texmf-dist/tex/latex/amsmath/amsbsy.sty
Package: amsbsy 1999/11/29 v1.2d Bold Symbols
\pmbraise@=\dimen152
) (/home/dmorina/.TinyTeX/texmf-dist/tex/latex/amsmath/amsopn.sty
Package: amsopn 2021/08/26 v2.02 operator names
)
\inf@bad=\count196
LaTeX Info: Redefining \frac on input line 234.
\uproot@=\count197
\leftroot@=\count198
LaTeX Info: Redefining \overline on input line 399.
\classnum@=\count199
\DOTSCASE@=\count266
LaTeX Info: Redefining \ldots on input line 496.
LaTeX Info: Redefining \dots on input line 499.
LaTeX Info: Redefining \cdots on input line 620.
\Mathstrutbox@=\box52
\strutbox@=\box53
\big@size=\dimen153
LaTeX Font Info:    Redeclaring font encoding OML on input line 743.
LaTeX Font Info:    Redeclaring font encoding OMS on input line 744.
\macc@depth=\count267
\c@MaxMatrixCols=\count268
\dotsspace@=\muskip16
\c@parentequation=\count269
\dspbrk@lvl=\count270
\tag@help=\toks25
\row@=\count271
\column@=\count272
\maxfields@=\count273
\andhelp@=\toks26
\eqnshift@=\dimen154
\alignsep@=\dimen155
\tagshift@=\dimen156
\tagwidth@=\dimen157
\totwidth@=\dimen158
\lineht@=\dimen159
\@envbody=\toks27
\multlinegap=\skip50
\multlinetaggap=\skip51
\mathdisplay@stack=\toks28
LaTeX Info: Redefining \[ on input line 2938.
LaTeX Info: Redefining \] on input line 2939.
) (/home/dmorina/.TinyTeX/texmf-dist/tex/latex/amsfonts/amsfonts.sty
Package: amsfonts 2013/01/14 v3.01 Basic AMSFonts support
\symAMSa=\mathgroup4
\symAMSb=\mathgroup5
LaTeX Font Info:    Redeclaring math symbol \hbar on input line 98.
LaTeX Font Info:    Overwriting math alphabet `\mathfrak' in version `bold'
(Font)                  U/euf/m/n --> U/euf/b/n on input line 106.
) (/home/dmorina/.TinyTeX/texmf-dist/tex/latex/amsfonts/amssymb.sty
Package: amssymb 2013/01/14 v3.01 AMS font symbols
) (/home/dmorina/.TinyTeX/texmf-dist/tex/latex/base/makeidx.sty
Package: makeidx 2021/10/04 v1.0m Standard LaTeX package
) (/home/dmorina/.TinyTeX/texmf-dist/tex/latex/lm/lmodern.sty
Package: lmodern 2015/05/01 v1.6.1 Latin Modern Fonts
LaTeX Font Info:    Overwriting symbol font `operators' in version `normal'
(Font)                  OT1/cmr/m/n --> OT1/lmr/m/n on input line 22.
LaTeX Font Info:    Overwriting symbol font `letters' in version `normal'
(Font)                  OML/cmm/m/it --> OML/lmm/m/it on input line 23.
LaTeX Font Info:    Overwriting symbol font `symbols' in version `normal'
(Font)                  OMS/cmsy/m/n --> OMS/lmsy/m/n on input line 24.
LaTeX Font Info:    Overwriting symbol font `largesymbols' in version `normal'
(Font)                  OMX/cmex/m/n --> OMX/lmex/m/n on input line 25.
LaTeX Font Info:    Overwriting symbol font `operators' in version `bold'
(Font)                  OT1/cmr/bx/n --> OT1/lmr/bx/n on input line 26.
LaTeX Font Info:    Overwriting symbol font `letters' in version `bold'
(Font)                  OML/cmm/b/it --> OML/lmm/b/it on input line 27.
LaTeX Font Info:    Overwriting symbol font `symbols' in version `bold'
(Font)                  OMS/cmsy/b/n --> OMS/lmsy/b/n on input line 28.
LaTeX Font Info:    Overwriting symbol font `largesymbols' in version `bold'
(Font)                  OMX/cmex/m/n --> OMX/lmex/m/n on input line 29.
LaTeX Font Info:    Overwriting math alphabet `\mathbf' in version `normal'
(Font)                  OT1/cmr/bx/n --> OT1/lmr/bx/n on input line 31.
LaTeX Font Info:    Overwriting math alphabet `\mathsf' in version `normal'
(Font)                  OT1/cmss/m/n --> OT1/lmss/m/n on input line 32.
LaTeX Font Info:    Overwriting math alphabet `\mathit' in version `normal'
(Font)                  OT1/cmr/m/it --> OT1/lmr/m/it on input line 33.
LaTeX Font Info:    Overwriting math alphabet `\mathtt' in version `normal'
(Font)                  OT1/cmtt/m/n --> OT1/lmtt/m/n on input line 34.
LaTeX Font Info:    Overwriting math alphabet `\mathbf' in version `bold'
(Font)                  OT1/cmr/bx/n --> OT1/lmr/bx/n on input line 35.
LaTeX Font Info:    Overwriting math alphabet `\mathsf' in version `bold'
(Font)                  OT1/cmss/bx/n --> OT1/lmss/bx/n on input line 36.
LaTeX Font Info:    Overwriting math alphabet `\mathit' in version `bold'
(Font)                  OT1/cmr/bx/it --> OT1/lmr/bx/it on input line 37.
LaTeX Font Info:    Overwriting math alphabet `\mathtt' in version `bold'
(Font)                  OT1/cmtt/m/n --> OT1/lmtt/m/n on input line 38.
)
LaTeX Font Info:    Trying to load font information for OT1+lmr on input line 38.
(/home/dmorina/.TinyTeX/texmf-dist/tex/latex/lm/ot1lmr.fd
File: ot1lmr.fd 2015/05/01 v1.6.1 Font defs for Latin Modern
) (/home/dmorina/.TinyTeX/texmf-dist/tex/latex/l3backend/l3backend-pdftex.def
File: l3backend-pdftex.def 2022-04-20 L3 backend support: PDF output (pdfTeX)
\l__color_backend_stack_int=\count274
\l__pdf_internal_box=\box54
) (./informe1_MAPFRE.aux
LaTeX Info: Redefining \. on input line 8.
LaTeX Info: Redefining \% on input line 8.
)
\openout1 = `informe1_MAPFRE.aux'.

LaTeX Font Info:    Checking defaults for OML/cmm/m/it on input line 38.
LaTeX Font Info:    ... okay on input line 38.
LaTeX Font Info:    Checking defaults for OMS/cmsy/m/n on input line 38.
LaTeX Font Info:    ... okay on input line 38.
LaTeX Font Info:    Checking defaults for OT1/cmr/m/n on input line 38.
LaTeX Font Info:    ... okay on input line 38.
LaTeX Font Info:    Checking defaults for T1/cmr/m/n on input line 38.
LaTeX Font Info:    ... okay on input line 38.
LaTeX Font Info:    Checking defaults for TS1/cmr/m/n on input line 38.
LaTeX Font Info:    ... okay on input line 38.
LaTeX Font Info:    Checking defaults for OMX/cmex/m/n on input line 38.
LaTeX Font Info:    ... okay on input line 38.
LaTeX Font Info:    Checking defaults for U/cmr/m/n on input line 38.
LaTeX Font Info:    ... okay on input line 38.
(/home/dmorina/.TinyTeX/texmf-dist/tex/latex/epstopdf-pkg/epstopdf-base.sty
Package: epstopdf-base 2020-01-24 v2.11 Base part for package epstopdf
Package epstopdf-base Info: Redefining graphics rule for `.eps' on input line 485.
(/home/dmorina/.TinyTeX/texmf-dist/tex/latex/latexconfig/epstopdf-sys.cfg
File: epstopdf-sys.cfg 2010/07/13 v1.3 Configuration of (r)epstopdf for TeX Live
))
LaTeX Info: Redefining \. on input line 38.
LaTeX Info: Redefining \% on input line 38.
LaTeX Font Info:    Trying to load font information for OT1+lmss on input line 52.
(/home/dmorina/.TinyTeX/texmf-dist/tex/latex/lm/ot1lmss.fd
File: ot1lmss.fd 2015/05/01 v1.6.1 Font defs for Latin Modern
)

LaTeX Warning: \oval, \circle, or \line size unavailable on input line 52.

[1

{/home/dmorina/.TinyTeX/texmf-var/fonts/map/pdftex/updmap/pdftex.map}] [2

]
LaTeX Font Info:    Trying to load font information for OML+lmm on input line 57.
(/home/dmorina/.TinyTeX/texmf-dist/tex/latex/lm/omllmm.fd
File: omllmm.fd 2015/05/01 v1.6.1 Font defs for Latin Modern
)
LaTeX Font Info:    Trying to load font information for OMS+lmsy on input line 57.
(/home/dmorina/.TinyTeX/texmf-dist/tex/latex/lm/omslmsy.fd
File: omslmsy.fd 2015/05/01 v1.6.1 Font defs for Latin Modern
)
LaTeX Font Info:    Trying to load font information for OMX+lmex on input line 57.
(/home/dmorina/.TinyTeX/texmf-dist/tex/latex/lm/omxlmex.fd
File: omxlmex.fd 2015/05/01 v1.6.1 Font defs for Latin Modern
)
LaTeX Font Info:    External font `lmex10' loaded for size
(Font)              <14.4> on input line 57.
LaTeX Font Info:    External font `lmex10' loaded for size
(Font)              <10> on input line 57.
LaTeX Font Info:    External font `lmex10' loaded for size
(Font)              <7> on input line 57.
LaTeX Font Info:    Trying to load font information for U+msa on input line 57.
(/home/dmorina/.TinyTeX/texmf-dist/tex/latex/amsfonts/umsa.fd
File: umsa.fd 2013/01/14 v3.01 AMS symbols A
)
LaTeX Font Info:    Trying to load font information for U+msb on input line 57.
(/home/dmorina/.TinyTeX/texmf-dist/tex/latex/amsfonts/umsb.fd
File: umsb.fd 2013/01/14 v3.01 AMS symbols B
)
Package epstopdf Info: Source file: <BUlogo_cmyk.eps>
(epstopdf)                    date: 2022-02-23 09:27:43
(epstopdf)                    size: 150879 bytes
(epstopdf)             Output file: <BUlogo_cmyk-eps-converted-to.pdf>
(epstopdf)                    date: 2022-02-28 08:55:16
(epstopdf)                    size: 50381 bytes
(epstopdf)             Command: <repstopdf --outfile=BUlogo_cmyk-eps-converted-to.pdf BUlogo_cmyk.eps>
(epstopdf)             \includegraphics on input line 57.
Package epstopdf Info: Output file is already uptodate.
<BUlogo_cmyk-eps-converted-to.pdf, id=14, 630.355pt x 268.00125pt>
File: BUlogo_cmyk-eps-converted-to.pdf Graphic file (type pdf)
<use BUlogo_cmyk-eps-converted-to.pdf>
Package pdftex.def Info: BUlogo_cmyk-eps-converted-to.pdf  used on input line 57.
(pdftex.def)             Requested size: 133.84045pt x 56.9055pt.
LaTeX Font Info:    Trying to load font information for OT1+lmtt on input line 57.
(/home/dmorina/.TinyTeX/texmf-dist/tex/latex/lm/ot1lmtt.fd
File: ot1lmtt.fd 2015/05/01 v1.6.1 Font defs for Latin Modern
) [3

 <./BUlogo_cmyk-eps-converted-to.pdf>] [4

] [1

] [2

] (./informe1_MAPFRE.toc
LaTeX Info: Redefining \. on input line 1.
LaTeX Info: Redefining \% on input line 1.
LaTeX Font Info:    External font `lmex10' loaded for size
(Font)              <12> on input line 4.
LaTeX Font Info:    External font `lmex10' loaded for size
(Font)              <8> on input line 4.
LaTeX Font Info:    External font `lmex10' loaded for size
(Font)              <6> on input line 4.
)
\tf@toc=\write4
\openout4 = `informe1_MAPFRE.toc'.

[3

] [4

] (./informe1_MAPFRE.lof
LaTeX Info: Redefining \. on input line 1.
LaTeX Info: Redefining \% on input line 1.
)
\tf@lof=\write5
\openout5 = `informe1_MAPFRE.lof'.

[5

] [6

] (./informe1_MAPFRE.lot
LaTeX Info: Redefining \. on input line 1.
LaTeX Info: Redefining \% on input line 1.
)
\tf@lot=\write6
\openout6 = `informe1_MAPFRE.lot'.

[7

] [8

]
Underfull \vbox (badness 10000) has occurred while \output is active []

[1

] [2] [3] [4] [5]
Overfull \hbox (0.5889pt too wide) detected at line 219
[]
 []


Overfull \hbox (26.14754pt too wide) detected at line 247
[]
 []

[6]
Overfull \hbox (18.4968pt too wide) detected at line 261
[]
 []

LaTeX Font Info:    External font `lmex10' loaded for size
(Font)              <10.95> on input line 284.

Overfull \hbox (75.24901pt too wide) detected at line 288
[]
 []

[7]
Overfull \hbox (116.86766pt too wide) detected at line 294
[]
 []


Overfull \hbox (76.15173pt too wide) detected at line 298
[]
 []

LaTeX Font Info:    External font `lmex10' loaded for size
(Font)              <5> on input line 302.

Overfull \hbox (64.54198pt too wide) detected at line 304
[]
 []


Overfull \hbox (7.12962pt too wide) detected at line 314
[]
 []

[8]
Overfull \hbox (5.05885pt too wide) detected at line 324
[]
 []


Overfull \hbox (39.41356pt too wide) in paragraph at lines 346--346
[]\OT1/lmr/bx/n/17.28 Series tem-po-ra-les con el ope-ra-dor \OT1/lmr/bx/it/17.28 fattering-thinning 
 []

[9] [10] (./informe1_MAPFRE.bbl [11]) [12] (./informe1_MAPFRE.aux
LaTeX Info: Redefining \. on input line 8.
LaTeX Info: Redefining \% on input line 8.
) ) 
Here is how much of TeX's memory you used:
 4401 strings out of 480235
 70263 string characters out of 5893211
 382072 words of memory out of 5000000
 22240 multiletter control sequences out of 15000+600000
 561498 words of font info for 95 fonts, out of 8000000 for 9000
 14 hyphenation exceptions out of 8191
 85i,16n,90p,3875b,367s stack positions out of 10000i,1000n,20000p,200000b,200000s
{/home/dmorina/.TinyTeX/texmf-dist/fonts/enc/dvips/lm/lm-mathit.enc}{/home/dmorina/.TinyTeX/texmf-dist/fonts/enc/dvips/lm/lm-rm.enc}{/home/dmorina/.TinyTeX/texmf-dist/fonts/enc/dvips/lm/lm-mathsy.enc}{/home/dmorina/.TinyTeX/texmf-dist/fonts/enc/dvips/lm/lm-mathex.enc}{/home/dmorina/.TinyTeX/texmf-dist/fonts/enc/dvips/lm/lm-rmsc.enc}{/home/dmorina/.TinyTeX/texmf-dist/fonts/enc/dvips/lm/lm-rmtt.enc}</home/dmorina/.TinyTeX/texmf-dist/fonts/type1/public/amsfonts/latxfont/lcirclew.pfb></home/dmorina/.TinyTeX/texmf-dist/fonts/type1/public/lm/lmbx10.pfb></home/dmorina/.TinyTeX/texmf-dist/fonts/type1/public/lm/lmbx12.pfb></home/dmorina/.TinyTeX/texmf-dist/fonts/type1/public/lm/lmbxi10.pfb></home/dmorina/.TinyTeX/texmf-dist/fonts/type1/public/lm/lmcsc10.pfb></home/dmorina/.TinyTeX/texmf-dist/fonts/type1/public/lm/lmex10.pfb></home/dmorina/.TinyTeX/texmf-dist/fonts/type1/public/lm/lmmi10.pfb></home/dmorina/.TinyTeX/texmf-dist/fonts/type1/public/lm/lmmi12.pfb></home/dmorina/.TinyTeX/texmf-dist/fonts/type1/public/lm/lmmi6.pfb></home/dmorina/.TinyTeX/texmf-dist/fonts/type1/public/lm/lmmi8.pfb></home/dmorina/.TinyTeX/texmf-dist/fonts/type1/public/lm/lmmib10.pfb></home/dmorina/.TinyTeX/texmf-dist/fonts/type1/public/lm/lmr10.pfb></home/dmorina/.TinyTeX/texmf-dist/fonts/type1/public/lm/lmr12.pfb></home/dmorina/.TinyTeX/texmf-dist/fonts/type1/public/lm/lmr6.pfb></home/dmorina/.TinyTeX/texmf-dist/fonts/type1/public/lm/lmr8.pfb></home/dmorina/.TinyTeX/texmf-dist/fonts/type1/public/lm/lmri12.pfb></home/dmorina/.TinyTeX/texmf-dist/fonts/type1/public/lm/lmro12.pfb></home/dmorina/.TinyTeX/texmf-dist/fonts/type1/public/lm/lmss12.pfb></home/dmorina/.TinyTeX/texmf-dist/fonts/type1/public/lm/lmssbx10.pfb></home/dmorina/.TinyTeX/texmf-dist/fonts/type1/public/lm/lmsso12.pfb></home/dmorina/.TinyTeX/texmf-dist/fonts/type1/public/lm/lmsy10.pfb></home/dmorina/.TinyTeX/texmf-dist/fonts/type1/public/lm/lmsy6.pfb></home/dmorina/.TinyTeX/texmf-dist/fonts/type1/public/lm/lmsy8.pfb></home/dmorina/.TinyTeX/texmf-dist/fonts/type1/public/lm/lmtt12.pfb></home/dmorina/.TinyTeX/texmf-dist/fonts/type1/public/amsfonts/symbols/msam10.pfb></home/dmorina/.TinyTeX/texmf-dist/fonts/type1/public/amsfonts/symbols/msbm10.pfb>
Output written on informe1_MAPFRE.pdf (24 pages, 470352 bytes).
PDF statistics:
 221 PDF objects out of 1000 (max. 8388607)
 139 compressed objects within 2 object streams
 0 named destinations out of 1000 (max. 500000)
 6 words of extra memory for PDF output out of 10000 (max. 10000000)

