This is pdfTeX, Version 3.141592653-2.6-1.40.24 (TeX Live 2022) (preloaded format=pdflatex 2023.3.17)  17 MAR 2023 11:51
entering extended mode
 restricted \write18 enabled.
 %&-line parsing enabled.
**"/home/dmorina/Insync/dmorina@ub.edu/OneDrive Biz/Projectes/2022/0052022. MAPFRE/Mapfre/Informes/Informe final/informe_final.tex"
(/home/dmorina/Insync/dmorina@ub.edu/OneDrive Biz/Projectes/2022/0052022. MAPFRE/Mapfre/Informes/Informe final/informe_final.tex
LaTeX2e <2022-11-01> patch level 1
L3 programming layer <2023-02-22> (/home/dmorina/.TinyTeX/texmf-dist/tex/latex/base/article.cls
Document Class: article 2022/07/02 v1.4n Standard LaTeX document class
(/home/dmorina/.TinyTeX/texmf-dist/tex/latex/base/size12.clo
File: size12.clo 2022/07/02 v1.4n Standard LaTeX file (size option)
)
\c@part=\count185
\c@section=\count186
\c@subsection=\count187
\c@subsubsection=\count188
\c@paragraph=\count189
\c@subparagraph=\count190
\c@figure=\count191
\c@table=\count192
\abovecaptionskip=\skip48
\belowcaptionskip=\skip49
\bibindent=\dimen140
) (./bu_ece_report.sty (./fancyheadings.sty
\headrulewidth=\dimen141
\footrulewidth=\dimen142
\plainheadrulewidth=\dimen143
\plainfootrulewidth=\dimen144
\headwidth=\dimen145
\footruleskip=\dimen146
) (./fancybox.sty
Package: fancybox 2000/09/19 1.3
Style option: `fancybox' v1.3 <2000/09/19> (tvz)
\@fancybox=\box51
\shadowsize=\dimen147
\@Sbox=\box52
\do@VerbBox=\toks16
\the@fancyput=\toks17
\this@fancyput=\toks18
\EndVerbatimTokens=\toks19
\Verbatim@Outfile=\write3
\Verbatim@Infile=\read2
) (/home/dmorina/.TinyTeX/texmf-dist/tex/latex/base/ifthen.sty
Package: ifthen 2022/04/13 v1.1d Standard LaTeX ifthen package (DPC)
) (/home/dmorina/.TinyTeX/texmf-dist/tex/latex/graphics/epsfig.sty
Package: epsfig 2017/06/25 v1.7b (e)psfig emulation (SPQR)
(/home/dmorina/.TinyTeX/texmf-dist/tex/latex/graphics/graphicx.sty
Package: graphicx 2021/09/16 v1.2d Enhanced LaTeX Graphics (DPC,SPQR)
(/home/dmorina/.TinyTeX/texmf-dist/tex/latex/graphics/keyval.sty
Package: keyval 2022/05/29 v1.15 key=value parser (DPC)
\KV@toks@=\toks20
) (/home/dmorina/.TinyTeX/texmf-dist/tex/latex/graphics/graphics.sty
Package: graphics 2022/03/10 v1.4e Standard LaTeX Graphics (DPC,SPQR)
(/home/dmorina/.TinyTeX/texmf-dist/tex/latex/graphics/trig.sty
Package: trig 2021/08/11 v1.11 sin cos tan (DPC)
) (/home/dmorina/.TinyTeX/texmf-dist/tex/latex/graphics-cfg/graphics.cfg
File: graphics.cfg 2016/06/04 v1.11 sample graphics configuration
)
Package graphics Info: Driver file: pdftex.def on input line 107.
(/home/dmorina/.TinyTeX/texmf-dist/tex/latex/graphics-def/pdftex.def
File: pdftex.def 2022/09/22 v1.2b Graphics/color driver for pdftex
))
\Gin@req@height=\dimen148
\Gin@req@width=\dimen149
)
\epsfxsize=\dimen150
\epsfysize=\dimen151
)) (/home/dmorina/.TinyTeX/texmf-dist/tex/latex/base/inputenc.sty
Package: inputenc 2021/02/14 v1.3d Input encoding file
\inpenc@prehook=\toks21
\inpenc@posthook=\toks22
) (/home/dmorina/.TinyTeX/texmf-dist/tex/latex/pdfpages/pdfpages.sty
Package: pdfpages 2022/12/19 v0.5x Insert pages of external PDF documents (AM)
(/home/dmorina/.TinyTeX/texmf-dist/tex/latex/tools/calc.sty
Package: calc 2017/05/25 v4.3 Infix arithmetic (KKT,FJ)
\calc@Acount=\count193
\calc@Bcount=\count194
\calc@Adimen=\dimen152
\calc@Bdimen=\dimen153
\calc@Askip=\skip50
\calc@Bskip=\skip51
LaTeX Info: Redefining \setlength on input line 80.
LaTeX Info: Redefining \addtolength on input line 81.
\calc@Ccount=\count195
\calc@Cskip=\skip52
) (/home/dmorina/.TinyTeX/texmf-dist/tex/latex/eso-pic/eso-pic.sty
Package: eso-pic 2020/10/14 v3.0a eso-pic (RN)
\ESO@tempdima=\dimen154
\ESO@tempdimb=\dimen155
(/home/dmorina/.TinyTeX/texmf-dist/tex/latex/xcolor/xcolor.sty
Package: xcolor 2022/06/12 v2.14 LaTeX color extensions (UK)
(/home/dmorina/.TinyTeX/texmf-dist/tex/latex/graphics-cfg/color.cfg
File: color.cfg 2016/01/02 v1.6 sample color configuration
)
Package xcolor Info: Driver file: pdftex.def on input line 227.
(/home/dmorina/.TinyTeX/texmf-dist/tex/latex/graphics/mathcolor.ltx)
Package xcolor Info: Model `cmy' substituted by `cmy0' on input line 1353.
Package xcolor Info: Model `hsb' substituted by `rgb' on input line 1357.
Package xcolor Info: Model `RGB' extended on input line 1369.
Package xcolor Info: Model `HTML' substituted by `rgb' on input line 1371.
Package xcolor Info: Model `Hsb' substituted by `hsb' on input line 1372.
Package xcolor Info: Model `tHsb' substituted by `hsb' on input line 1373.
Package xcolor Info: Model `HSB' substituted by `hsb' on input line 1374.
Package xcolor Info: Model `Gray' substituted by `gray' on input line 1375.
Package xcolor Info: Model `wave' substituted by `hsb' on input line 1376.
))
\AM@pagewidth=\dimen156
\AM@pageheight=\dimen157
\AM@fboxrule=\dimen158
(/home/dmorina/.TinyTeX/texmf-dist/tex/latex/pdfpages/pppdftex.def
File: pppdftex.def 2022/12/19 v0.5x Pdfpages driver for pdfTeX (AM)
)
\pdfpages@includegraphics@status=\count196
\AM@pagebox=\box53
\AM@global@opts=\toks23
\AM@pagecnt=\count197
\AM@toc@title=\toks24
\AM@lof@heading=\toks25
\c@AM@survey=\count198
\AM@templatesizebox=\box54
) (/home/dmorina/.TinyTeX/texmf-dist/tex/generic/babel/babel.sty
Package: babel 2023/02/13 3.86 The Babel package
\babel@savecnt=\count199
\U@D=\dimen159
\l@unhyphenated=\language4
(/home/dmorina/.TinyTeX/texmf-dist/tex/generic/babel/txtbabel.def)
\bbl@readstream=\read3
\bbl@dirlevel=\count266
(/home/dmorina/.TinyTeX/texmf-dist/tex/generic/babel-spanish/spanish.ldf
Language: spanish.ldf 2021/05/27 v5.0q Spanish support from the babel system
\es@quottoks=\toks26
\es@quotdepth=\count267
Package babel Info: Making " an active character on input line 570.
Package babel Info: Making . an active character on input line 675.
Package babel Info: Making < an active character on input line 722.
Package babel Info: Making > an active character on input line 722.
)) (/home/dmorina/.TinyTeX/texmf-dist/tex/generic/babel/locale/es/babel-spanish.tex
Package babel Info: Importing font and identification data for spanish
(babel)             from babel-es.ini. Reported on input line 11.
) (/home/dmorina/.TinyTeX/texmf-dist/tex/latex/amsmath/amsmath.sty
Package: amsmath 2022/04/08 v2.17n AMS math features
\@mathmargin=\skip53
For additional information on amsmath, use the `?' option.
(/home/dmorina/.TinyTeX/texmf-dist/tex/latex/amsmath/amstext.sty
Package: amstext 2021/08/26 v2.01 AMS text
(/home/dmorina/.TinyTeX/texmf-dist/tex/latex/amsmath/amsgen.sty
File: amsgen.sty 1999/11/30 v2.0 generic functions
\@emptytoks=\toks27
\ex@=\dimen160
)) (/home/dmorina/.TinyTeX/texmf-dist/tex/latex/amsmath/amsbsy.sty
Package: amsbsy 1999/11/29 v1.2d Bold Symbols
\pmbraise@=\dimen161
) (/home/dmorina/.TinyTeX/texmf-dist/tex/latex/amsmath/amsopn.sty
Package: amsopn 2022/04/08 v2.04 operator names
)
\inf@bad=\count268
LaTeX Info: Redefining \frac on input line 234.
\uproot@=\count269
\leftroot@=\count270
LaTeX Info: Redefining \overline on input line 399.
LaTeX Info: Redefining \colon on input line 410.
\classnum@=\count271
\DOTSCASE@=\count272
LaTeX Info: Redefining \ldots on input line 496.
LaTeX Info: Redefining \dots on input line 499.
LaTeX Info: Redefining \cdots on input line 620.
\Mathstrutbox@=\box55
\strutbox@=\box56
LaTeX Info: Redefining \big on input line 722.
LaTeX Info: Redefining \Big on input line 723.
LaTeX Info: Redefining \bigg on input line 724.
LaTeX Info: Redefining \Bigg on input line 725.
\big@size=\dimen162
LaTeX Font Info:    Redeclaring font encoding OML on input line 743.
LaTeX Font Info:    Redeclaring font encoding OMS on input line 744.
\macc@depth=\count273
LaTeX Info: Redefining \bmod on input line 905.
LaTeX Info: Redefining \pmod on input line 910.
LaTeX Info: Redefining \smash on input line 940.
LaTeX Info: Redefining \relbar on input line 970.
LaTeX Info: Redefining \Relbar on input line 971.
\c@MaxMatrixCols=\count274
\dotsspace@=\muskip16
\c@parentequation=\count275
\dspbrk@lvl=\count276
\tag@help=\toks28
\row@=\count277
\column@=\count278
\maxfields@=\count279
\andhelp@=\toks29
\eqnshift@=\dimen163
\alignsep@=\dimen164
\tagshift@=\dimen165
\tagwidth@=\dimen166
\totwidth@=\dimen167
\lineht@=\dimen168
\@envbody=\toks30
\multlinegap=\skip54
\multlinetaggap=\skip55
\mathdisplay@stack=\toks31
LaTeX Info: Redefining \[ on input line 2953.
LaTeX Info: Redefining \] on input line 2954.
) (/home/dmorina/.TinyTeX/texmf-dist/tex/latex/amsfonts/amsfonts.sty
Package: amsfonts 2013/01/14 v3.01 Basic AMSFonts support
\symAMSa=\mathgroup4
\symAMSb=\mathgroup5
LaTeX Font Info:    Redeclaring math symbol \hbar on input line 98.
LaTeX Font Info:    Overwriting math alphabet `\mathfrak' in version `bold'
(Font)                  U/euf/m/n --> U/euf/b/n on input line 106.
) (/home/dmorina/.TinyTeX/texmf-dist/tex/latex/amsfonts/amssymb.sty
Package: amssymb 2013/01/14 v3.01 AMS font symbols
) (/home/dmorina/.TinyTeX/texmf-dist/tex/latex/base/makeidx.sty
Package: makeidx 2021/10/04 v1.0m Standard LaTeX package
) (/home/dmorina/.TinyTeX/texmf-dist/tex/latex/lm/lmodern.sty
Package: lmodern 2015/05/01 v1.6.1 Latin Modern Fonts
LaTeX Font Info:    Overwriting symbol font `operators' in version `normal'
(Font)                  OT1/cmr/m/n --> OT1/lmr/m/n on input line 22.
LaTeX Font Info:    Overwriting symbol font `letters' in version `normal'
(Font)                  OML/cmm/m/it --> OML/lmm/m/it on input line 23.
LaTeX Font Info:    Overwriting symbol font `symbols' in version `normal'
(Font)                  OMS/cmsy/m/n --> OMS/lmsy/m/n on input line 24.
LaTeX Font Info:    Overwriting symbol font `largesymbols' in version `normal'
(Font)                  OMX/cmex/m/n --> OMX/lmex/m/n on input line 25.
LaTeX Font Info:    Overwriting symbol font `operators' in version `bold'
(Font)                  OT1/cmr/bx/n --> OT1/lmr/bx/n on input line 26.
LaTeX Font Info:    Overwriting symbol font `letters' in version `bold'
(Font)                  OML/cmm/b/it --> OML/lmm/b/it on input line 27.
LaTeX Font Info:    Overwriting symbol font `symbols' in version `bold'
(Font)                  OMS/cmsy/b/n --> OMS/lmsy/b/n on input line 28.
LaTeX Font Info:    Overwriting symbol font `largesymbols' in version `bold'
(Font)                  OMX/cmex/m/n --> OMX/lmex/m/n on input line 29.
LaTeX Font Info:    Overwriting math alphabet `\mathbf' in version `normal'
(Font)                  OT1/cmr/bx/n --> OT1/lmr/bx/n on input line 31.
LaTeX Font Info:    Overwriting math alphabet `\mathsf' in version `normal'
(Font)                  OT1/cmss/m/n --> OT1/lmss/m/n on input line 32.
LaTeX Font Info:    Overwriting math alphabet `\mathit' in version `normal'
(Font)                  OT1/cmr/m/it --> OT1/lmr/m/it on input line 33.
LaTeX Font Info:    Overwriting math alphabet `\mathtt' in version `normal'
(Font)                  OT1/cmtt/m/n --> OT1/lmtt/m/n on input line 34.
LaTeX Font Info:    Overwriting math alphabet `\mathbf' in version `bold'
(Font)                  OT1/cmr/bx/n --> OT1/lmr/bx/n on input line 35.
LaTeX Font Info:    Overwriting math alphabet `\mathsf' in version `bold'
(Font)                  OT1/cmss/bx/n --> OT1/lmss/bx/n on input line 36.
LaTeX Font Info:    Overwriting math alphabet `\mathit' in version `bold'
(Font)                  OT1/cmr/bx/it --> OT1/lmr/bx/it on input line 37.
LaTeX Font Info:    Overwriting math alphabet `\mathtt' in version `bold'
(Font)                  OT1/cmtt/m/n --> OT1/lmtt/m/n on input line 38.
) (/home/dmorina/.TinyTeX/texmf-dist/tex/latex/float/float.sty
Package: float 2001/11/08 v1.3d Float enhancements (AL)
\c@float@type=\count280
\float@exts=\toks32
\float@box=\box57
\@float@everytoks=\toks33
\@floatcapt=\box58
) (/home/dmorina/.TinyTeX/texmf-dist/tex/latex/hyperref/hyperref.sty
Package: hyperref 2023-02-07 v7.00v Hypertext links for LaTeX
(/home/dmorina/.TinyTeX/texmf-dist/tex/generic/ltxcmds/ltxcmds.sty
Package: ltxcmds 2020-05-10 v1.25 LaTeX kernel commands for general use (HO)
) (/home/dmorina/.TinyTeX/texmf-dist/tex/generic/iftex/iftex.sty
Package: iftex 2022/02/03 v1.0f TeX engine tests
) (/home/dmorina/.TinyTeX/texmf-dist/tex/generic/pdftexcmds/pdftexcmds.sty
Package: pdftexcmds 2020-06-27 v0.33 Utility functions of pdfTeX for LuaTeX (HO)
(/home/dmorina/.TinyTeX/texmf-dist/tex/generic/infwarerr/infwarerr.sty
Package: infwarerr 2019/12/03 v1.5 Providing info/warning/error messages (HO)
)
Package pdftexcmds Info: \pdf@primitive is available.
Package pdftexcmds Info: \pdf@ifprimitive is available.
Package pdftexcmds Info: \pdfdraftmode found.
) (/home/dmorina/.TinyTeX/texmf-dist/tex/latex/kvsetkeys/kvsetkeys.sty
Package: kvsetkeys 2022-10-05 v1.19 Key value parser (HO)
) (/home/dmorina/.TinyTeX/texmf-dist/tex/generic/kvdefinekeys/kvdefinekeys.sty
Package: kvdefinekeys 2019-12-19 v1.6 Define keys (HO)
) (/home/dmorina/.TinyTeX/texmf-dist/tex/generic/pdfescape/pdfescape.sty
Package: pdfescape 2019/12/09 v1.15 Implements pdfTeX's escape features (HO)
) (/home/dmorina/.TinyTeX/texmf-dist/tex/latex/hycolor/hycolor.sty
Package: hycolor 2020-01-27 v1.10 Color options for hyperref/bookmark (HO)
) (/home/dmorina/.TinyTeX/texmf-dist/tex/latex/letltxmacro/letltxmacro.sty
Package: letltxmacro 2019/12/03 v1.6 Let assignment for LaTeX macros (HO)
) (/home/dmorina/.TinyTeX/texmf-dist/tex/latex/auxhook/auxhook.sty
Package: auxhook 2019-12-17 v1.6 Hooks for auxiliary files (HO)
) (/home/dmorina/.TinyTeX/texmf-dist/tex/latex/hyperref/nameref.sty
Package: nameref 2022-05-17 v2.50 Cross-referencing by name of section
(/home/dmorina/.TinyTeX/texmf-dist/tex/latex/refcount/refcount.sty
Package: refcount 2019/12/15 v3.6 Data extraction from label references (HO)
) (/home/dmorina/.TinyTeX/texmf-dist/tex/generic/gettitlestring/gettitlestring.sty
Package: gettitlestring 2019/12/15 v1.6 Cleanup title references (HO)
(/home/dmorina/.TinyTeX/texmf-dist/tex/latex/kvoptions/kvoptions.sty
Package: kvoptions 2022-06-15 v3.15 Key value format for package options (HO)
))
\c@section@level=\count281
)
\@linkdim=\dimen169
\Hy@linkcounter=\count282
\Hy@pagecounter=\count283
(/home/dmorina/.TinyTeX/texmf-dist/tex/latex/hyperref/pd1enc.def
File: pd1enc.def 2023-02-07 v7.00v Hyperref: PDFDocEncoding definition (HO)
Now handling font encoding PD1 ...
... no UTF-8 mapping file for font encoding PD1
) (/home/dmorina/.TinyTeX/texmf-dist/tex/generic/intcalc/intcalc.sty
Package: intcalc 2019/12/15 v1.3 Expandable calculations with integers (HO)
) (/home/dmorina/.TinyTeX/texmf-dist/tex/generic/etexcmds/etexcmds.sty
Package: etexcmds 2019/12/15 v1.7 Avoid name clashes with e-TeX commands (HO)
)
\Hy@SavedSpaceFactor=\count284
(/home/dmorina/.TinyTeX/texmf-dist/tex/latex/hyperref/puenc.def
File: puenc.def 2023-02-07 v7.00v Hyperref: PDF Unicode definition (HO)
Now handling font encoding PU ...
... no UTF-8 mapping file for font encoding PU
)
Package hyperref Info: Hyper figures OFF on input line 4177.
Package hyperref Info: Link nesting OFF on input line 4182.
Package hyperref Info: Hyper index ON on input line 4185.
Package hyperref Info: Plain pages OFF on input line 4192.
Package hyperref Info: Backreferencing OFF on input line 4197.
Package hyperref Info: Implicit mode ON; LaTeX internals redefined.
Package hyperref Info: Bookmarks ON on input line 4425.
\c@Hy@tempcnt=\count285
(/home/dmorina/.TinyTeX/texmf-dist/tex/latex/url/url.sty
\Urlmuskip=\muskip17
Package: url 2013/09/16  ver 3.4  Verb mode for urls, etc.
)
LaTeX Info: Redefining \url on input line 4763.
\XeTeXLinkMargin=\dimen170
(/home/dmorina/.TinyTeX/texmf-dist/tex/generic/bitset/bitset.sty
Package: bitset 2019/12/09 v1.3 Handle bit-vector datatype (HO)
(/home/dmorina/.TinyTeX/texmf-dist/tex/generic/bigintcalc/bigintcalc.sty
Package: bigintcalc 2019/12/15 v1.5 Expandable calculations on big integers (HO)
))
\Fld@menulength=\count286
\Field@Width=\dimen171
\Fld@charsize=\dimen172
Package hyperref Info: Hyper figures OFF on input line 6042.
Package hyperref Info: Link nesting OFF on input line 6047.
Package hyperref Info: Hyper index ON on input line 6050.
Package hyperref Info: backreferencing OFF on input line 6057.
Package hyperref Info: Link coloring OFF on input line 6062.
Package hyperref Info: Link coloring with OCG OFF on input line 6067.
Package hyperref Info: PDF/A mode OFF on input line 6072.
(/home/dmorina/.TinyTeX/texmf-dist/tex/latex/base/atbegshi-ltx.sty
Package: atbegshi-ltx 2021/01/10 v1.0c Emulation of the original atbegshi
package with kernel methods
)
\Hy@abspage=\count287
\c@Item=\count288
\c@Hfootnote=\count289
)
Package hyperref Info: Driver (autodetected): hpdftex.
(/home/dmorina/.TinyTeX/texmf-dist/tex/latex/hyperref/hpdftex.def
File: hpdftex.def 2023-02-07 v7.00v Hyperref driver for pdfTeX
(/home/dmorina/.TinyTeX/texmf-dist/tex/latex/base/atveryend-ltx.sty
Package: atveryend-ltx 2020/08/19 v1.0a Emulation of the original atveryend package
with kernel methods
)
\Fld@listcount=\count290
\c@bookmark@seq@number=\count291
(/home/dmorina/.TinyTeX/texmf-dist/tex/latex/rerunfilecheck/rerunfilecheck.sty
Package: rerunfilecheck 2022-07-10 v1.10 Rerun checks for auxiliary files (HO)
(/home/dmorina/.TinyTeX/texmf-dist/tex/generic/uniquecounter/uniquecounter.sty
Package: uniquecounter 2019/12/15 v1.4 Provide unlimited unique counter (HO)
)
Package uniquecounter Info: New unique counter `rerunfilecheck' on input line 285.
)
\Hy@SectionHShift=\skip56
)
LaTeX Font Info:    Trying to load font information for OT1+lmr on input line 41.
(/home/dmorina/.TinyTeX/texmf-dist/tex/latex/lm/ot1lmr.fd
File: ot1lmr.fd 2015/05/01 v1.6.1 Font defs for Latin Modern
) (/home/dmorina/.TinyTeX/texmf-dist/tex/latex/l3backend/l3backend-pdftex.def
File: l3backend-pdftex.def 2023-01-16 L3 backend support: PDF output (pdfTeX)
\l__color_backend_stack_int=\count292
\l__pdf_internal_box=\box59
) (./informe_final.aux
LaTeX Info: Redefining \. on input line 22.
LaTeX Info: Redefining \% on input line 22.
)
\openout1 = `informe_final.aux'.

LaTeX Font Info:    Checking defaults for OML/cmm/m/it on input line 41.
LaTeX Font Info:    ... okay on input line 41.
LaTeX Font Info:    Checking defaults for OMS/cmsy/m/n on input line 41.
LaTeX Font Info:    ... okay on input line 41.
LaTeX Font Info:    Checking defaults for OT1/cmr/m/n on input line 41.
LaTeX Font Info:    ... okay on input line 41.
LaTeX Font Info:    Checking defaults for T1/cmr/m/n on input line 41.
LaTeX Font Info:    ... okay on input line 41.
LaTeX Font Info:    Checking defaults for TS1/cmr/m/n on input line 41.
LaTeX Font Info:    ... okay on input line 41.
LaTeX Font Info:    Checking defaults for OMX/cmex/m/n on input line 41.
LaTeX Font Info:    ... okay on input line 41.
LaTeX Font Info:    Checking defaults for U/cmr/m/n on input line 41.
LaTeX Font Info:    ... okay on input line 41.
LaTeX Font Info:    Checking defaults for PD1/pdf/m/n on input line 41.
LaTeX Font Info:    ... okay on input line 41.
LaTeX Font Info:    Checking defaults for PU/pdf/m/n on input line 41.
LaTeX Font Info:    ... okay on input line 41.
(/home/dmorina/.TinyTeX/texmf-dist/tex/latex/epstopdf-pkg/epstopdf-base.sty
Package: epstopdf-base 2020-01-24 v2.11 Base part for package epstopdf
Package epstopdf-base Info: Redefining graphics rule for `.eps' on input line 485.
(/home/dmorina/.TinyTeX/texmf-dist/tex/latex/latexconfig/epstopdf-sys.cfg
File: epstopdf-sys.cfg 2010/07/13 v1.3 Configuration of (r)epstopdf for TeX Live
)) (/home/dmorina/.TinyTeX/texmf-dist/tex/latex/pdflscape/pdflscape.sty
Package: pdflscape 2022-10-27 v0.13 Display of landscape pages in PDF
(/home/dmorina/.TinyTeX/texmf-dist/tex/latex/pdflscape/pdflscape-nometadata.sty
Package: pdflscape-nometadata 2022-10-28 v0.13 Display of landscape pages in PDF (HO)
(/home/dmorina/.TinyTeX/texmf-dist/tex/latex/graphics/lscape.sty
Package: lscape 2020/05/28 v3.02 Landscape Pages (DPC)
)
Package pdflscape Info: Auto-detected driver: pdftex on input line 81.
))
LaTeX Info: Redefining \. on input line 41.
LaTeX Info: Redefining \% on input line 41.
Package hyperref Info: Link coloring OFF on input line 41.
(./informe_final.out) (./informe_final.out)
\@outlinefile=\write4
\openout4 = `informe_final.out'.

LaTeX Font Info:    Trying to load font information for OT1+lmss on input line 55.
(/home/dmorina/.TinyTeX/texmf-dist/tex/latex/lm/ot1lmss.fd
File: ot1lmss.fd 2015/05/01 v1.6.1 Font defs for Latin Modern
)

LaTeX Warning: \oval, \circle, or \line size unavailable on input line 55.

[1

{/home/dmorina/.TinyTeX/texmf-var/fonts/map/pdftex/updmap/pdftex.map}] [2

]
LaTeX Font Info:    Trying to load font information for OML+lmm on input line 60.
(/home/dmorina/.TinyTeX/texmf-dist/tex/latex/lm/omllmm.fd
File: omllmm.fd 2015/05/01 v1.6.1 Font defs for Latin Modern
)
LaTeX Font Info:    Trying to load font information for OMS+lmsy on input line 60.
(/home/dmorina/.TinyTeX/texmf-dist/tex/latex/lm/omslmsy.fd
File: omslmsy.fd 2015/05/01 v1.6.1 Font defs for Latin Modern
)
LaTeX Font Info:    Trying to load font information for OMX+lmex on input line 60.
(/home/dmorina/.TinyTeX/texmf-dist/tex/latex/lm/omxlmex.fd
File: omxlmex.fd 2015/05/01 v1.6.1 Font defs for Latin Modern
)
LaTeX Font Info:    External font `lmex10' loaded for size
(Font)              <14.4> on input line 60.
LaTeX Font Info:    External font `lmex10' loaded for size
(Font)              <10> on input line 60.
LaTeX Font Info:    External font `lmex10' loaded for size
(Font)              <7> on input line 60.
LaTeX Font Info:    Trying to load font information for U+msa on input line 60.
(/home/dmorina/.TinyTeX/texmf-dist/tex/latex/amsfonts/umsa.fd
File: umsa.fd 2013/01/14 v3.01 AMS symbols A
)
LaTeX Font Info:    Trying to load font information for U+msb on input line 60.
(/home/dmorina/.TinyTeX/texmf-dist/tex/latex/amsfonts/umsb.fd
File: umsb.fd 2013/01/14 v3.01 AMS symbols B
)
Package epstopdf Info: Source file: <BUlogo_cmyk.eps>
(epstopdf)                    date: 2022-02-23 09:27:43
(epstopdf)                    size: 150879 bytes
(epstopdf)             Output file: <BUlogo_cmyk-eps-converted-to.pdf>
(epstopdf)                    date: 2022-02-28 08:55:16
(epstopdf)                    size: 50381 bytes
(epstopdf)             Command: <repstopdf --outfile=BUlogo_cmyk-eps-converted-to.pdf BUlogo_cmyk.eps>
(epstopdf)             \includegraphics on input line 60.
Package epstopdf Info: Output file is already uptodate.
<BUlogo_cmyk-eps-converted-to.pdf, id=86, 630.355pt x 268.00125pt>
File: BUlogo_cmyk-eps-converted-to.pdf Graphic file (type pdf)
<use BUlogo_cmyk-eps-converted-to.pdf>
Package pdftex.def Info: BUlogo_cmyk-eps-converted-to.pdf  used on input line 60.
(pdftex.def)             Requested size: 133.84045pt x 56.9055pt.
LaTeX Font Info:    Trying to load font information for OT1+lmtt on input line 60.
(/home/dmorina/.TinyTeX/texmf-dist/tex/latex/lm/ot1lmtt.fd
File: ot1lmtt.fd 2015/05/01 v1.6.1 Font defs for Latin Modern
) [3

 <./BUlogo_cmyk-eps-converted-to.pdf>] [4

] [1

] [2

] (./informe_final.toc
LaTeX Info: Redefining \. on input line 1.
LaTeX Info: Redefining \% on input line 1.
LaTeX Font Info:    External font `lmex10' loaded for size
(Font)              <12> on input line 3.
LaTeX Font Info:    External font `lmex10' loaded for size
(Font)              <8> on input line 3.
LaTeX Font Info:    External font `lmex10' loaded for size
(Font)              <6> on input line 3.
)
\tf@toc=\write5
\openout5 = `informe_final.toc'.

[3

] [4

] (./informe_final.lof
LaTeX Info: Redefining \. on input line 1.
LaTeX Info: Redefining \% on input line 1.
[5

])
\tf@lof=\write6
\openout6 = `informe_final.lof'.

[6] [7

] (./informe_final.lot
LaTeX Info: Redefining \. on input line 1.
LaTeX Info: Redefining \% on input line 1.
)
\tf@lot=\write7
\openout7 = `informe_final.lot'.

[8

] [9

]
Underfull \vbox (badness 10000) has occurred while \output is active []


pdfTeX warning (ext4): destination with the same identifier (name{page.1}) has been already used, duplicate ignored
<to be read again> 
                   \relax 
l.101 
       [1

]
Underfull \vbox (badness 1681) has occurred while \output is active []


pdfTeX warning (ext4): destination with the same identifier (name{page.2}) has been already used, duplicate ignored
<to be read again> 
                   \relax 
l.118 
       [2]
Underfull \vbox (badness 6641) has occurred while \output is active []


pdfTeX warning (ext4): destination with the same identifier (name{page.3}) has been already used, duplicate ignored
<to be read again> 
                   \relax 
l.128 
       [3]
pdfTeX warning (ext4): destination with the same identifier (name{page.4}) has been already used, duplicate ignored
<to be read again> 
                   \relax 
l.138 
       [4] [5] [6] [7] [8]
Overfull \hbox (0.5889pt too wide) detected at line 263
[]
 []

[9]
Overfull \hbox (26.14754pt too wide) detected at line 291
[]
 []


Overfull \hbox (18.4968pt too wide) detected at line 305
[]
 []

[10]
LaTeX Font Info:    External font `lmex10' loaded for size
(Font)              <10.95> on input line 328.

Overfull \hbox (75.24901pt too wide) detected at line 332
[]
 []


Overfull \hbox (116.86766pt too wide) detected at line 338
[]
 []


Overfull \hbox (76.15173pt too wide) detected at line 342
[]
 []


Underfull \vbox (badness 6559) has occurred while \output is active []

[11]
LaTeX Font Info:    External font `lmex10' loaded for size
(Font)              <5> on input line 346.

Overfull \hbox (64.54198pt too wide) detected at line 348
[]
 []


Overfull \hbox (7.12962pt too wide) detected at line 356
[]
 []


Overfull \hbox (5.05885pt too wide) detected at line 366
[]
 []

[12] [13] [14] [15] [16]
<global_covid.png, id=446, 481.8pt x 481.8pt>
File: global_covid.png Graphic file (type png)
<use global_covid.png>
Package pdftex.def Info: global_covid.png  used on input line 511.
(pdftex.def)             Requested size: 256.0748pt x 256.0806pt.
[17 <./global_covid.png (PNG copy)>]
<global_post_scen1.png, id=453, 481.8pt x 481.8pt>
File: global_post_scen1.png Graphic file (type png)
<use global_post_scen1.png>
Package pdftex.def Info: global_post_scen1.png  used on input line 519.
(pdftex.def)             Requested size: 256.0748pt x 256.0806pt.
<global_post_scen2.png, id=454, 481.8pt x 481.8pt>
File: global_post_scen2.png Graphic file (type png)
<use global_post_scen2.png>
Package pdftex.def Info: global_post_scen2.png  used on input line 525.
(pdftex.def)             Requested size: 256.0748pt x 256.0806pt.

Underfull \vbox (badness 10000) has occurred while \output is active []

[18 <./global_post_scen1.png (PNG copy)>]
<obstetrics_covid.png, id=462, 481.8pt x 481.8pt>
File: obstetrics_covid.png Graphic file (type png)
<use obstetrics_covid.png>
Package pdftex.def Info: obstetrics_covid.png  used on input line 548.
(pdftex.def)             Requested size: 256.0748pt x 256.0806pt.

Underfull \vbox (badness 10000) has occurred while \output is active []

[19 <./global_post_scen2.png (PNG copy)>]
<obstetrics_post_scen1.png, id=467, 481.8pt x 481.8pt>
File: obstetrics_post_scen1.png Graphic file (type png)
<use obstetrics_post_scen1.png>
Package pdftex.def Info: obstetrics_post_scen1.png  used on input line 554.
(pdftex.def)             Requested size: 256.0748pt x 256.0806pt.

Underfull \vbox (badness 10000) has occurred while \output is active []

[20 <./obstetrics_covid.png (PNG copy)>]
<obstetrics_post_scen2.png, id=472, 481.8pt x 481.8pt>
File: obstetrics_post_scen2.png Graphic file (type png)
<use obstetrics_post_scen2.png>
Package pdftex.def Info: obstetrics_post_scen2.png  used on input line 560.
(pdftex.def)             Requested size: 256.0748pt x 256.0806pt.

Underfull \vbox (badness 10000) has occurred while \output is active []

[21 <./obstetrics_post_scen1.png (PNG copy)>]
<global_covid_Madrid.png, id=477, 481.8pt x 481.8pt>
File: global_covid_Madrid.png Graphic file (type png)
<use global_covid_Madrid.png>
Package pdftex.def Info: global_covid_Madrid.png  used on input line 583.
(pdftex.def)             Requested size: 256.0748pt x 256.0806pt.

Underfull \vbox (badness 3158) has occurred while \output is active []

[22 <./obstetrics_post_scen2.png (PNG copy)>]
<global_post_scen1_Madrid.png, id=483, 481.8pt x 481.8pt>
File: global_post_scen1_Madrid.png Graphic file (type png)
<use global_post_scen1_Madrid.png>
Package pdftex.def Info: global_post_scen1_Madrid.png  used on input line 589.
(pdftex.def)             Requested size: 256.0748pt x 256.0806pt.

Underfull \vbox (badness 10000) has occurred while \output is active []

[23 <./global_covid_Madrid.png (PNG copy)>]
<global_post_scen2_Madrid.png, id=488, 481.8pt x 481.8pt>
File: global_post_scen2_Madrid.png Graphic file (type png)
<use global_post_scen2_Madrid.png>
Package pdftex.def Info: global_post_scen2_Madrid.png  used on input line 595.
(pdftex.def)             Requested size: 256.0748pt x 256.0806pt.

Underfull \vbox (badness 10000) has occurred while \output is active []

[24 <./global_post_scen1_Madrid.png (PNG copy)>]
<obstetrics_covid_Madrid.png, id=494, 481.8pt x 481.8pt>
File: obstetrics_covid_Madrid.png Graphic file (type png)
<use obstetrics_covid_Madrid.png>
Package pdftex.def Info: obstetrics_covid_Madrid.png  used on input line 617.
(pdftex.def)             Requested size: 256.0748pt x 256.0806pt.

Underfull \vbox (badness 10000) has occurred while \output is active []

[25 <./global_post_scen2_Madrid.png (PNG copy)>]
<obstetrics_post_scen1_Madrid.png, id=499, 481.8pt x 481.8pt>
File: obstetrics_post_scen1_Madrid.png Graphic file (type png)
<use obstetrics_post_scen1_Madrid.png>
Package pdftex.def Info: obstetrics_post_scen1_Madrid.png  used on input line 623.
(pdftex.def)             Requested size: 256.0748pt x 256.0806pt.

Underfull \vbox (badness 10000) has occurred while \output is active []

[26 <./obstetrics_covid_Madrid.png (PNG copy)>]
<obstetrics_post_scen2_Madrid.png, id=504, 481.8pt x 481.8pt>
File: obstetrics_post_scen2_Madrid.png Graphic file (type png)
<use obstetrics_post_scen2_Madrid.png>
Package pdftex.def Info: obstetrics_post_scen2_Madrid.png  used on input line 629.
(pdftex.def)             Requested size: 256.0748pt x 256.0806pt.

Underfull \vbox (badness 10000) has occurred while \output is active []

[27 <./obstetrics_post_scen1_Madrid.png (PNG copy)>]
<global_covid_Barcelona.png, id=509, 481.8pt x 481.8pt>
File: global_covid_Barcelona.png Graphic file (type png)
<use global_covid_Barcelona.png>
Package pdftex.def Info: global_covid_Barcelona.png  used on input line 652.
(pdftex.def)             Requested size: 256.0748pt x 256.0806pt.
[28 <./obstetrics_post_scen2_Madrid.png (PNG copy)>]
<global_post_scen1_Barcelona.png, id=515, 481.8pt x 481.8pt>
File: global_post_scen1_Barcelona.png Graphic file (type png)
<use global_post_scen1_Barcelona.png>
Package pdftex.def Info: global_post_scen1_Barcelona.png  used on input line 658.
(pdftex.def)             Requested size: 256.0748pt x 256.0806pt.

Underfull \vbox (badness 10000) has occurred while \output is active []

[29 <./global_covid_Barcelona.png (PNG copy)>]
<global_post_scen2_Barcelona.png, id=520, 481.8pt x 481.8pt>
File: global_post_scen2_Barcelona.png Graphic file (type png)
<use global_post_scen2_Barcelona.png>
Package pdftex.def Info: global_post_scen2_Barcelona.png  used on input line 664.
(pdftex.def)             Requested size: 256.0748pt x 256.0806pt.

Underfull \vbox (badness 10000) has occurred while \output is active []

[30 <./global_post_scen1_Barcelona.png (PNG copy)>]
<obstetrics_covid_Barcelona.png, id=526, 481.8pt x 481.8pt>
File: obstetrics_covid_Barcelona.png Graphic file (type png)
<use obstetrics_covid_Barcelona.png>
Package pdftex.def Info: obstetrics_covid_Barcelona.png  used on input line 687.
(pdftex.def)             Requested size: 256.0748pt x 256.0806pt.

Underfull \vbox (badness 10000) has occurred while \output is active []

[31 <./global_post_scen2_Barcelona.png (PNG copy)>]
<obstetrics_post_scen1_Barcelona.png, id=531, 481.8pt x 481.8pt>
File: obstetrics_post_scen1_Barcelona.png Graphic file (type png)
<use obstetrics_post_scen1_Barcelona.png>
Package pdftex.def Info: obstetrics_post_scen1_Barcelona.png  used on input line 693.
(pdftex.def)             Requested size: 256.0748pt x 256.0806pt.

Underfull \vbox (badness 10000) has occurred while \output is active []

[32 <./obstetrics_covid_Barcelona.png (PNG copy)>]
<obstetrics_post_scen2_Barcelona.png, id=536, 481.8pt x 481.8pt>
File: obstetrics_post_scen2_Barcelona.png Graphic file (type png)
<use obstetrics_post_scen2_Barcelona.png>
Package pdftex.def Info: obstetrics_post_scen2_Barcelona.png  used on input line 699.
(pdftex.def)             Requested size: 256.0748pt x 256.0806pt.

Underfull \vbox (badness 10000) has occurred while \output is active []

[33 <./obstetrics_post_scen1_Barcelona.png (PNG copy)>]
<global_covid_Valencia.png, id=541, 481.8pt x 481.8pt>
File: global_covid_Valencia.png Graphic file (type png)
<use global_covid_Valencia.png>
Package pdftex.def Info: global_covid_Valencia.png  used on input line 722.
(pdftex.def)             Requested size: 256.0748pt x 256.0806pt.
[34 <./obstetrics_post_scen2_Barcelona.png (PNG copy)>]
<global_post_scen1_Valencia.png, id=547, 481.8pt x 481.8pt>
File: global_post_scen1_Valencia.png Graphic file (type png)
<use global_post_scen1_Valencia.png>
Package pdftex.def Info: global_post_scen1_Valencia.png  used on input line 728.
(pdftex.def)             Requested size: 256.0748pt x 256.0806pt.

Underfull \vbox (badness 10000) has occurred while \output is active []

[35 <./global_covid_Valencia.png (PNG copy)>]
<global_post_scen2_Valencia.png, id=552, 481.8pt x 481.8pt>
File: global_post_scen2_Valencia.png Graphic file (type png)
<use global_post_scen2_Valencia.png>
Package pdftex.def Info: global_post_scen2_Valencia.png  used on input line 734.
(pdftex.def)             Requested size: 256.0748pt x 256.0806pt.

Underfull \vbox (badness 10000) has occurred while \output is active []

[36 <./global_post_scen1_Valencia.png (PNG copy)>]
<obstetrics_covid_Valencia.png, id=558, 481.8pt x 481.8pt>
File: obstetrics_covid_Valencia.png Graphic file (type png)
<use obstetrics_covid_Valencia.png>
Package pdftex.def Info: obstetrics_covid_Valencia.png  used on input line 757.
(pdftex.def)             Requested size: 256.0748pt x 256.0806pt.

Underfull \vbox (badness 10000) has occurred while \output is active []

[37 <./global_post_scen2_Valencia.png (PNG copy)>]
<obstetrics_post_scen1_Valencia.png, id=563, 481.8pt x 481.8pt>
File: obstetrics_post_scen1_Valencia.png Graphic file (type png)
<use obstetrics_post_scen1_Valencia.png>
Package pdftex.def Info: obstetrics_post_scen1_Valencia.png  used on input line 763.
(pdftex.def)             Requested size: 256.0748pt x 256.0806pt.

Underfull \vbox (badness 10000) has occurred while \output is active []

[38 <./obstetrics_covid_Valencia.png (PNG copy)>]
<obstetrics_post_scen2_Valencia.png, id=569, 481.8pt x 481.8pt>
File: obstetrics_post_scen2_Valencia.png Graphic file (type png)
<use obstetrics_post_scen2_Valencia.png>
Package pdftex.def Info: obstetrics_post_scen2_Valencia.png  used on input line 769.
(pdftex.def)             Requested size: 256.0748pt x 256.0806pt.

Underfull \vbox (badness 10000) has occurred while \output is active []

[39 <./obstetrics_post_scen1_Valencia.png (PNG copy)>] [40 <./obstetrics_post_scen2_Valencia.png (PNG copy)>]
Overfull \hbox (22.32991pt too wide) in paragraph at lines 790--791
[]$\OT1/lmtt/m/n/12 https : / / www . seio . es / wp-[]content / uploads / 2022 / 07 / Julio2022 _ Estadistica .
 []

<Annex/CertificateIWSM2022MorinaDavid.pdf, id=580, 597.50829pt x 845.0471pt>
File: Annex/CertificateIWSM2022MorinaDavid.pdf Graphic file (type pdf)
<use Annex/CertificateIWSM2022MorinaDavid.pdf>
Package pdftex.def Info: Annex/CertificateIWSM2022MorinaDavid.pdf  used on input line 799.
(pdftex.def)             Requested size: 597.50682pt x 845.04504pt.
File: Annex/CertificateIWSM2022MorinaDavid.pdf Graphic file (type pdf)
<use Annex/CertificateIWSM2022MorinaDavid.pdf>
Package pdftex.def Info: Annex/CertificateIWSM2022MorinaDavid.pdf  used on input line 799.
(pdftex.def)             Requested size: 597.50682pt x 845.04504pt.
<Annex/CertificateIWSM2022MorinaDavid.pdf, id=583, page=1, 597.50829pt x 845.0471pt>
File: Annex/CertificateIWSM2022MorinaDavid.pdf Graphic file (type pdf)
<use Annex/CertificateIWSM2022MorinaDavid.pdf, page 1>
Package pdftex.def Info: Annex/CertificateIWSM2022MorinaDavid.pdf , page1 used on input line 799.
(pdftex.def)             Requested size: 597.50682pt x 845.04504pt.
File: Annex/CertificateIWSM2022MorinaDavid.pdf Graphic file (type pdf)
<use Annex/CertificateIWSM2022MorinaDavid.pdf, page 1>
Package pdftex.def Info: Annex/CertificateIWSM2022MorinaDavid.pdf , page1 used on input line 799.
(pdftex.def)             Requested size: 562.12285pt x 795.00201pt.
[41]
File: Annex/CertificateIWSM2022MorinaDavid.pdf Graphic file (type pdf)
<use Annex/CertificateIWSM2022MorinaDavid.pdf, page 1>
Package pdftex.def Info: Annex/CertificateIWSM2022MorinaDavid.pdf , page1 used on input line 799.
(pdftex.def)             Requested size: 562.12285pt x 795.00201pt.
File: Annex/CertificateIWSM2022MorinaDavid.pdf Graphic file (type pdf)
<use Annex/CertificateIWSM2022MorinaDavid.pdf, page 1>
Package pdftex.def Info: Annex/CertificateIWSM2022MorinaDavid.pdf , page1 used on input line 799.
(pdftex.def)             Requested size: 562.12285pt x 795.00201pt.
File: Annex/CertificateIWSM2022MorinaDavid.pdf Graphic file (type pdf)
<use Annex/CertificateIWSM2022MorinaDavid.pdf, page 1>
Package pdftex.def Info: Annex/CertificateIWSM2022MorinaDavid.pdf , page1 used on input line 799.
(pdftex.def)             Requested size: 562.12285pt x 795.00201pt.
[42 <./Annex/CertificateIWSM2022MorinaDavid.pdf>]

pdfTeX warning: pdflatex (file ./Annex/C-141.pdf): PDF inclusion: found PDF version <1.6>, but at most version <1.5> allowed
<Annex/C-141.pdf, id=636, 597.50829pt x 845.0471pt>
File: Annex/C-141.pdf Graphic file (type pdf)
<use Annex/C-141.pdf>
Package pdftex.def Info: Annex/C-141.pdf  used on input line 800.
(pdftex.def)             Requested size: 597.50682pt x 845.04504pt.


pdfTeX warning: pdflatex (file ./Annex/C-141.pdf): PDF inclusion: found PDF version <1.6>, but at most version <1.5> allowed
File: Annex/C-141.pdf Graphic file (type pdf)
<use Annex/C-141.pdf>
Package pdftex.def Info: Annex/C-141.pdf  used on input line 800.
(pdftex.def)             Requested size: 597.50682pt x 845.04504pt.


pdfTeX warning: pdflatex (file ./Annex/C-141.pdf): PDF inclusion: found PDF version <1.6>, but at most version <1.5> allowed


pdfTeX warning: pdflatex (file ./Annex/C-141.pdf): PDF inclusion: found PDF version <1.6>, but at most version <1.5> allowed
<Annex/C-141.pdf, id=639, page=1, 597.50829pt x 845.0471pt>
File: Annex/C-141.pdf Graphic file (type pdf)
<use Annex/C-141.pdf, page 1>
Package pdftex.def Info: Annex/C-141.pdf , page1 used on input line 800.
(pdftex.def)             Requested size: 597.50682pt x 845.04504pt.
File: Annex/C-141.pdf Graphic file (type pdf)
<use Annex/C-141.pdf, page 1>
Package pdftex.def Info: Annex/C-141.pdf , page1 used on input line 800.
(pdftex.def)             Requested size: 562.12285pt x 795.00201pt.
File: Annex/C-141.pdf Graphic file (type pdf)
<use Annex/C-141.pdf, page 1>
Package pdftex.def Info: Annex/C-141.pdf , page1 used on input line 800.
(pdftex.def)             Requested size: 562.12285pt x 795.00201pt.
File: Annex/C-141.pdf Graphic file (type pdf)
<use Annex/C-141.pdf, page 1>
Package pdftex.def Info: Annex/C-141.pdf , page1 used on input line 800.
(pdftex.def)             Requested size: 562.12285pt x 795.00201pt.
File: Annex/C-141.pdf Graphic file (type pdf)
<use Annex/C-141.pdf, page 1>
Package pdftex.def Info: Annex/C-141.pdf , page1 used on input line 800.
(pdftex.def)             Requested size: 562.12285pt x 795.00201pt.
[43 <./Annex/C-141.pdf>]

pdfTeX warning: pdflatex (file ./Annex/C-141.pdf): PDF inclusion: found PDF version <1.6>, but at most version <1.5> allowed
<Annex/C-141.pdf, id=670, page=2, 597.50829pt x 845.0471pt>
File: Annex/C-141.pdf Graphic file (type pdf)
<use Annex/C-141.pdf, page 2>
Package pdftex.def Info: Annex/C-141.pdf , page2 used on input line 800.
(pdftex.def)             Requested size: 562.12285pt x 795.00201pt.
File: Annex/C-141.pdf Graphic file (type pdf)
<use Annex/C-141.pdf, page 2>
Package pdftex.def Info: Annex/C-141.pdf , page2 used on input line 800.
(pdftex.def)             Requested size: 562.12285pt x 795.00201pt.
File: Annex/C-141.pdf Graphic file (type pdf)
<use Annex/C-141.pdf, page 2>
Package pdftex.def Info: Annex/C-141.pdf , page2 used on input line 800.
(pdftex.def)             Requested size: 562.12285pt x 795.00201pt.
[44 <./Annex/C-141.pdf>]

pdfTeX warning: pdflatex (file ./Annex/MORIÑA SOLER.pdf): PDF inclusion: found PDF version <1.6>, but at most version <1.5> allowed
<Annex/MORIÑA SOLER.pdf, id=678, 597.50829pt x 845.0471pt>
File: Annex/MORIÑA SOLER.pdf Graphic file (type pdf)
<use Annex/MORIÑA SOLER.pdf>
Package pdftex.def Info: Annex/MORIÑA SOLER.pdf  used on input line 801.
(pdftex.def)             Requested size: 597.50682pt x 845.04504pt.


pdfTeX warning: pdflatex (file ./Annex/MORIÑA SOLER.pdf): PDF inclusion: found PDF version <1.6>, but at most version <1.5> allowed
File: Annex/MORIÑA SOLER.pdf Graphic file (type pdf)
<use Annex/MORIÑA SOLER.pdf>
Package pdftex.def Info: Annex/MORIÑA SOLER.pdf  used on input line 801.
(pdftex.def)             Requested size: 597.50682pt x 845.04504pt.


pdfTeX warning: pdflatex (file ./Annex/MORIÑA SOLER.pdf): PDF inclusion: found PDF version <1.6>, but at most version <1.5> allowed


pdfTeX warning: pdflatex (file ./Annex/MORIÑA SOLER.pdf): PDF inclusion: found PDF version <1.6>, but at most version <1.5> allowed
<Annex/MORIÑA SOLER.pdf, id=681, page=1, 597.50829pt x 845.0471pt>
File: Annex/MORIÑA SOLER.pdf Graphic file (type pdf)
<use Annex/MORIÑA SOLER.pdf, page 1>
Package pdftex.def Info: Annex/MORIÑA SOLER.pdf , page1 used on input line 801.
(pdftex.def)             Requested size: 597.50682pt x 845.04504pt.
File: Annex/MORIÑA SOLER.pdf Graphic file (type pdf)
<use Annex/MORIÑA SOLER.pdf, page 1>
Package pdftex.def Info: Annex/MORIÑA SOLER.pdf , page1 used on input line 801.
(pdftex.def)             Requested size: 562.12285pt x 795.00201pt.
File: Annex/MORIÑA SOLER.pdf Graphic file (type pdf)
<use Annex/MORIÑA SOLER.pdf, page 1>
Package pdftex.def Info: Annex/MORIÑA SOLER.pdf , page1 used on input line 801.
(pdftex.def)             Requested size: 562.12285pt x 795.00201pt.
File: Annex/MORIÑA SOLER.pdf Graphic file (type pdf)
<use Annex/MORIÑA SOLER.pdf, page 1>
Package pdftex.def Info: Annex/MORIÑA SOLER.pdf , page1 used on input line 801.
(pdftex.def)             Requested size: 562.12285pt x 795.00201pt.
File: Annex/MORIÑA SOLER.pdf Graphic file (type pdf)
<use Annex/MORIÑA SOLER.pdf, page 1>
Package pdftex.def Info: Annex/MORIÑA SOLER.pdf , page1 used on input line 801.
(pdftex.def)             Requested size: 562.12285pt x 795.00201pt.
[45 <./Annex/MORIÑA SOLER.pdf>] (./informe_final.bbl
Underfull \hbox (badness 1189) in paragraph at lines 55--62
[]\OT1/lmr/m/n/12 G. Gual-di, A. Po-rre-ca, G. F. Amo-ru-so, L. Atzo-ri, P. Calzavara-Pinton,
 []

[46] [47]) [48] (./informe_final.aux
LaTeX Info: Redefining \. on input line 22.
LaTeX Info: Redefining \% on input line 22.
)
Package rerunfilecheck Info: File `informe_final.out' has not changed.
(rerunfilecheck)             Checksum: A911AA71CC226264C8D2DE898DB6D9E2;3547.
 ) 
Here is how much of TeX's memory you used:
 13038 strings out of 477966
 210256 string characters out of 5838262
 1879388 words of memory out of 5000000
 32781 multiletter control sequences out of 15000+600000
 600300 words of font info for 98 fonts, out of 8000000 for 9000
 14 hyphenation exceptions out of 8191
 87i,17n,90p,3877b,771s stack positions out of 10000i,1000n,20000p,200000b,200000s
{/home/dmorina/.TinyTeX/texmf-dist/fonts/enc/dvips/lm/lm-rm.enc}{/home/dmorina/.TinyTeX/texmf-dist/fonts/enc/dvips/lm/lm-mathit.enc}{/home/dmorina/.TinyTeX/texmf-dist/fonts/enc/dvips/lm/lm-mathsy.enc}{/home/dmorina/.TinyTeX/texmf-dist/fonts/enc/dvips/lm/lm-mathex.enc}{/home/dmorina/.TinyTeX/texmf-dist/fonts/enc/dvips/lm/lm-rmsc.enc}{/home/dmorina/.TinyTeX/texmf-dist/fonts/enc/dvips/lm/lm-rmtt.enc}</home/dmorina/.TinyTeX/texmf-dist/fonts/type1/public/amsfonts/latxfont/lcirclew.pfb></home/dmorina/.TinyTeX/texmf-dist/fonts/type1/public/lm/lmbx10.pfb></home/dmorina/.TinyTeX/texmf-dist/fonts/type1/public/lm/lmbx12.pfb></home/dmorina/.TinyTeX/texmf-dist/fonts/type1/public/lm/lmbxi10.pfb></home/dmorina/.TinyTeX/texmf-dist/fonts/type1/public/lm/lmcsc10.pfb></home/dmorina/.TinyTeX/texmf-dist/fonts/type1/public/lm/lmex10.pfb></home/dmorina/.TinyTeX/texmf-dist/fonts/type1/public/lm/lmmi10.pfb></home/dmorina/.TinyTeX/texmf-dist/fonts/type1/public/lm/lmmi12.pfb></home/dmorina/.TinyTeX/texmf-dist/fonts/type1/public/lm/lmmi6.pfb></home/dmorina/.TinyTeX/texmf-dist/fonts/type1/public/lm/lmmi8.pfb></home/dmorina/.TinyTeX/texmf-dist/fonts/type1/public/lm/lmmib10.pfb></home/dmorina/.TinyTeX/texmf-dist/fonts/type1/public/lm/lmr10.pfb></home/dmorina/.TinyTeX/texmf-dist/fonts/type1/public/lm/lmr12.pfb></home/dmorina/.TinyTeX/texmf-dist/fonts/type1/public/lm/lmr6.pfb></home/dmorina/.TinyTeX/texmf-dist/fonts/type1/public/lm/lmr8.pfb></home/dmorina/.TinyTeX/texmf-dist/fonts/type1/public/lm/lmri12.pfb></home/dmorina/.TinyTeX/texmf-dist/fonts/type1/public/lm/lmro12.pfb></home/dmorina/.TinyTeX/texmf-dist/fonts/type1/public/lm/lmss12.pfb></home/dmorina/.TinyTeX/texmf-dist/fonts/type1/public/lm/lmssbx10.pfb></home/dmorina/.TinyTeX/texmf-dist/fonts/type1/public/lm/lmsso12.pfb></home/dmorina/.TinyTeX/texmf-dist/fonts/type1/public/lm/lmsy10.pfb></home/dmorina/.TinyTeX/texmf-dist/fonts/type1/public/lm/lmsy6.pfb></home/dmorina/.TinyTeX/texmf-dist/fonts/type1/public/lm/lmsy8.pfb></home/dmorina/.TinyTeX/texmf-dist/fonts/type1/public/lm/lmtt12.pfb></home/dmorina/.TinyTeX/texmf-dist/fonts/type1/public/amsfonts/symbols/msam10.pfb></home/dmorina/.TinyTeX/texmf-dist/fonts/type1/public/amsfonts/symbols/msbm10.pfb>
Output written on informe_final.pdf (61 pages, 4850463 bytes).
PDF statistics:
 883 PDF objects out of 1000 (max. 8388607)
 681 compressed objects within 7 object streams
 183 named destinations out of 1000 (max. 500000)
 327 words of extra memory for PDF output out of 10000 (max. 10000000)

